<?xml version="1.0" encoding="UTF-8"?>
<testng-results ignored="0" total="2" passed="2" failed="0" skipped="0">
  <reporter-output>
  </reporter-output>
  <suite started-at="2023-08-14T20:33:22Z" name="Suite" finished-at="2023-08-14T20:33:28Z" duration-ms="5900">
    <groups>
    </groups>
    <test started-at="2023-08-14T20:33:22Z" name="Test" finished-at="2023-08-14T20:33:28Z" duration-ms="5900">
      <class name="testcases.SLoginTest">
        <test-method is-config="true" signature="ReportSetup()[pri:0, instance:testcases.SLoginTest@481ba2cf]" started-at="2023-08-14T20:33:22Z" name="ReportSetup" finished-at="2023-08-14T20:33:22Z" duration-ms="422" status="PASS">
          <reporter-output>
          </reporter-output>
        </test-method> <!-- ReportSetup -->
        <test-method is-config="true" signature="SetUp(java.lang.reflect.Method)[pri:0, instance:testcases.SLoginTest@481ba2cf]" started-at="2023-08-14T20:33:22Z" name="SetUp" finished-at="2023-08-14T20:33:23Z" duration-ms="1396" status="PASS">
          <params>
            <param index="0">
              <value>
                <![CDATA[public void testcases.SLoginTest.ValidLogin() throws com.codoid.products.exception.FilloException,java.lang.InterruptedException]]>
              </value>
            </param>
          </params>
          <reporter-output>
          </reporter-output>
        </test-method> <!-- SetUp -->
        <test-method signature="ValidLogin()[pri:0, instance:testcases.SLoginTest@481ba2cf]" started-at="2023-08-14T20:33:23Z" name="ValidLogin" finished-at="2023-08-14T20:33:25Z" duration-ms="1298" status="PASS">
          <reporter-output>
          </reporter-output>
        </test-method> <!-- ValidLogin -->
        <test-method is-config="true" signature="TearDown()[pri:0, instance:testcases.SLoginTest@481ba2cf]" started-at="2023-08-14T20:33:25Z" name="TearDown" finished-at="2023-08-14T20:33:25Z" duration-ms="130" status="PASS">
          <reporter-output>
          </reporter-output>
        </test-method> <!-- TearDown -->
        <test-method is-config="true" signature="SetUp(java.lang.reflect.Method)[pri:0, instance:testcases.SLoginTest@481ba2cf]" started-at="2023-08-14T20:33:25Z" name="SetUp" finished-at="2023-08-14T20:33:26Z" duration-ms="1079" status="PASS">
          <params>
            <param index="0">
              <value>
                <![CDATA[public void testcases.SLoginTest.InValidLogin() throws com.codoid.products.exception.FilloException,java.lang.InterruptedException]]>
              </value>
            </param>
          </params>
          <reporter-output>
          </reporter-output>
        </test-method> <!-- SetUp -->
        <test-method signature="InValidLogin()[pri:0, instance:testcases.SLoginTest@481ba2cf]" started-at="2023-08-14T20:33:26Z" name="InValidLogin" finished-at="2023-08-14T20:33:27Z" depends-on-methods="testcases.SLoginTest.ValidLogin" duration-ms="1264" status="PASS">
          <reporter-output>
          </reporter-output>
        </test-method> <!-- InValidLogin -->
        <test-method is-config="true" signature="TearDown()[pri:0, instance:testcases.SLoginTest@481ba2cf]" started-at="2023-08-14T20:33:27Z" name="TearDown" finished-at="2023-08-14T20:33:27Z" duration-ms="118" status="PASS">
          <reporter-output>
          </reporter-output>
        </test-method> <!-- TearDown -->
        <test-method is-config="true" signature="ReportClean()[pri:0, instance:testcases.SLoginTest@481ba2cf]" started-at="2023-08-14T20:33:27Z" name="ReportClean" finished-at="2023-08-14T20:33:28Z" duration-ms="173" status="PASS">
          <reporter-output>
          </reporter-output>
        </test-method> <!-- ReportClean -->
      </class> <!-- testcases.SLoginTest -->
    </test> <!-- Test -->
  </suite> <!-- Suite -->
</testng-results>
